[0.930s] Invoking command in '/home/lucas/taurasim_ws/src/taurasim': PYTHONPATH=/home/lucas/taurasim_ws/src/taurasim/build/taurasim/prefix_override:/usr/lib/python3/dist-packages/colcon_core/task/python/colcon_distutils_commands:/home/lucas/taurasim_ws/src/taurasim/install/taurasim/lib/python3.8/site-packages:${PYTHONPATH} /usr/bin/python3 -W ignore:setup.py install is deprecated setup.py egg_info --egg-base build/taurasim build --build-base /home/lucas/taurasim_ws/src/taurasim/build/taurasim/build install --record /home/lucas/taurasim_ws/src/taurasim/build/taurasim/install.log --single-version-externally-managed install_data
[1.208s] running egg_info
[1.208s] writing build/taurasim/taurasim.egg-info/PKG-INFO
[1.209s] writing dependency_links to build/taurasim/taurasim.egg-info/dependency_links.txt
[1.209s] writing requirements to build/taurasim/taurasim.egg-info/requires.txt
[1.209s] writing top-level names to build/taurasim/taurasim.egg-info/top_level.txt
[1.251s] reading manifest file 'build/taurasim/taurasim.egg-info/SOURCES.txt'
[1.251s] writing manifest file 'build/taurasim/taurasim.egg-info/SOURCES.txt'
[1.252s] running build
[1.252s] running build_py
[1.252s] copying taurasim/scripts/__init__.py -> /home/lucas/taurasim_ws/src/taurasim/build/taurasim/build/lib/taurasim/scripts
[1.252s] running install
[1.253s] running install_lib
[1.254s] copying /home/lucas/taurasim_ws/src/taurasim/build/taurasim/build/lib/taurasim/scripts/__init__.py -> /home/lucas/taurasim_ws/src/taurasim/install/taurasim/lib/python3.8/site-packages/taurasim/scripts
[1.255s] byte-compiling /home/lucas/taurasim_ws/src/taurasim/install/taurasim/lib/python3.8/site-packages/taurasim/scripts/__init__.py to __init__.cpython-38.pyc
[1.256s] running install_data
[1.256s] running install_egg_info
[1.258s] removing '/home/lucas/taurasim_ws/src/taurasim/install/taurasim/lib/python3.8/site-packages/taurasim-0.0.1-py3.8.egg-info' (and everything under it)
[1.258s] Copying build/taurasim/taurasim.egg-info to /home/lucas/taurasim_ws/src/taurasim/install/taurasim/lib/python3.8/site-packages/taurasim-0.0.1-py3.8.egg-info
[1.259s] running install_scripts
[1.279s] writing list of installed files to '/home/lucas/taurasim_ws/src/taurasim/build/taurasim/install.log'
[1.313s] Invoked command in '/home/lucas/taurasim_ws/src/taurasim' returned '0': PYTHONPATH=/home/lucas/taurasim_ws/src/taurasim/build/taurasim/prefix_override:/usr/lib/python3/dist-packages/colcon_core/task/python/colcon_distutils_commands:/home/lucas/taurasim_ws/src/taurasim/install/taurasim/lib/python3.8/site-packages:${PYTHONPATH} /usr/bin/python3 -W ignore:setup.py install is deprecated setup.py egg_info --egg-base build/taurasim build --build-base /home/lucas/taurasim_ws/src/taurasim/build/taurasim/build install --record /home/lucas/taurasim_ws/src/taurasim/build/taurasim/install.log --single-version-externally-managed install_data
