running egg_info
writing build/taurasim/taurasim.egg-info/PKG-INFO
writing dependency_links to build/taurasim/taurasim.egg-info/dependency_links.txt
writing requirements to build/taurasim/taurasim.egg-info/requires.txt
writing top-level names to build/taurasim/taurasim.egg-info/top_level.txt
reading manifest file 'build/taurasim/taurasim.egg-info/SOURCES.txt'
writing manifest file 'build/taurasim/taurasim.egg-info/SOURCES.txt'
running build
running build_py
copying taurasim/__init__.py -> /home/lucas/taurasim_ws/src/taurasim/build/taurasim/build/lib/taurasim
running install
running install_lib
copying /home/lucas/taurasim_ws/src/taurasim/build/taurasim/build/lib/taurasim/__init__.py -> /home/lucas/taurasim_ws/src/taurasim/install/taurasim/lib/python3.8/site-packages/taurasim
byte-compiling /home/lucas/taurasim_ws/src/taurasim/install/taurasim/lib/python3.8/site-packages/taurasim/__init__.py to __init__.cpython-38.pyc
running install_data
running install_egg_info
removing '/home/lucas/taurasim_ws/src/taurasim/install/taurasim/lib/python3.8/site-packages/taurasim-0.0.1-py3.8.egg-info' (and everything under it)
Copying build/taurasim/taurasim.egg-info to /home/lucas/taurasim_ws/src/taurasim/install/taurasim/lib/python3.8/site-packages/taurasim-0.0.1-py3.8.egg-info
running install_scripts
writing list of installed files to '/home/lucas/taurasim_ws/src/taurasim/build/taurasim/install.log'
