[0.872s] Invoking command in '/home/lucas/taurasim_ws/src/taurasim': PYTHONPATH=/home/lucas/taurasim_ws/src/taurasim/build/taurasim/prefix_override:/usr/lib/python3/dist-packages/colcon_core/task/python/colcon_distutils_commands:/home/lucas/taurasim_ws/src/taurasim/install/taurasim/lib/python3.8/site-packages:${PYTHONPATH} /usr/bin/python3 -W ignore:setup.py install is deprecated setup.py egg_info --egg-base build/taurasim build --build-base /home/lucas/taurasim_ws/src/taurasim/build/taurasim/build install --record /home/lucas/taurasim_ws/src/taurasim/build/taurasim/install.log --single-version-externally-managed install_data
[1.172s] running egg_info
[1.173s] writing build/taurasim/taurasim.egg-info/PKG-INFO
[1.173s] writing dependency_links to build/taurasim/taurasim.egg-info/dependency_links.txt
[1.173s] writing requirements to build/taurasim/taurasim.egg-info/requires.txt
[1.174s] writing top-level names to build/taurasim/taurasim.egg-info/top_level.txt
[1.213s] package init file 'taurasim/scripts/__init__.py' not found (or not a regular file)
[1.213s] reading manifest file 'build/taurasim/taurasim.egg-info/SOURCES.txt'
[1.214s] writing manifest file 'build/taurasim/taurasim.egg-info/SOURCES.txt'
[1.215s] running build
[1.215s] running build_py
[1.215s] copying taurasim/__init__.py -> /home/lucas/taurasim_ws/src/taurasim/build/taurasim/build/lib/taurasim
[1.215s] running install
[1.216s] running install_lib
[1.217s] copying /home/lucas/taurasim_ws/src/taurasim/build/taurasim/build/lib/taurasim/__init__.py -> /home/lucas/taurasim_ws/src/taurasim/install/taurasim/lib/python3.8/site-packages/taurasim
[1.218s] byte-compiling /home/lucas/taurasim_ws/src/taurasim/install/taurasim/lib/python3.8/site-packages/taurasim/__init__.py to __init__.cpython-38.pyc
[1.219s] running install_data
[1.220s] running install_egg_info
[1.222s] removing '/home/lucas/taurasim_ws/src/taurasim/install/taurasim/lib/python3.8/site-packages/taurasim-0.0.1-py3.8.egg-info' (and everything under it)
[1.222s] Copying build/taurasim/taurasim.egg-info to /home/lucas/taurasim_ws/src/taurasim/install/taurasim/lib/python3.8/site-packages/taurasim-0.0.1-py3.8.egg-info
[1.223s] running install_scripts
[1.244s] writing list of installed files to '/home/lucas/taurasim_ws/src/taurasim/build/taurasim/install.log'
[1.279s] Invoked command in '/home/lucas/taurasim_ws/src/taurasim' returned '0': PYTHONPATH=/home/lucas/taurasim_ws/src/taurasim/build/taurasim/prefix_override:/usr/lib/python3/dist-packages/colcon_core/task/python/colcon_distutils_commands:/home/lucas/taurasim_ws/src/taurasim/install/taurasim/lib/python3.8/site-packages:${PYTHONPATH} /usr/bin/python3 -W ignore:setup.py install is deprecated setup.py egg_info --egg-base build/taurasim build --build-base /home/lucas/taurasim_ws/src/taurasim/build/taurasim/build install --record /home/lucas/taurasim_ws/src/taurasim/build/taurasim/install.log --single-version-externally-managed install_data
