running egg_info
writing build/taurasim/taurasim.egg-info/PKG-INFO
writing dependency_links to build/taurasim/taurasim.egg-info/dependency_links.txt
writing requirements to build/taurasim/taurasim.egg-info/requires.txt
writing top-level names to build/taurasim/taurasim.egg-info/top_level.txt
reading manifest file 'build/taurasim/taurasim.egg-info/SOURCES.txt'
writing manifest file 'build/taurasim/taurasim.egg-info/SOURCES.txt'
running build
running build_py
creating /home/lucas/taurasim_ws/src/taurasim/build/taurasim/build
creating /home/lucas/taurasim_ws/src/taurasim/build/taurasim/build/lib
creating /home/lucas/taurasim_ws/src/taurasim/build/taurasim/build/lib/taurasim
creating /home/lucas/taurasim_ws/src/taurasim/build/taurasim/build/lib/taurasim/scripts
copying taurasim/scripts/vision_proxy.py -> /home/lucas/taurasim_ws/src/taurasim/build/taurasim/build/lib/taurasim/scripts
running install
running install_lib
creating /home/lucas/taurasim_ws/src/taurasim/install/taurasim/lib/python3.8/site-packages/taurasim
creating /home/lucas/taurasim_ws/src/taurasim/install/taurasim/lib/python3.8/site-packages/taurasim/scripts
copying /home/lucas/taurasim_ws/src/taurasim/build/taurasim/build/lib/taurasim/scripts/vision_proxy.py -> /home/lucas/taurasim_ws/src/taurasim/install/taurasim/lib/python3.8/site-packages/taurasim/scripts
byte-compiling /home/lucas/taurasim_ws/src/taurasim/install/taurasim/lib/python3.8/site-packages/taurasim/scripts/vision_proxy.py to vision_proxy.cpython-38.pyc
running install_data
copying config/ros_control_config.yml -> /home/lucas/taurasim_ws/src/taurasim/install/taurasim/share/taurasim
copying config/motor_diff_drive.yml -> /home/lucas/taurasim_ws/src/taurasim/install/taurasim/share/taurasim
copying config/motor_direct_drive.yml -> /home/lucas/taurasim_ws/src/taurasim/install/taurasim/share/taurasim
running install_egg_info
Copying build/taurasim/taurasim.egg-info to /home/lucas/taurasim_ws/src/taurasim/install/taurasim/lib/python3.8/site-packages/taurasim-0.0.1-py3.8.egg-info
running install_scripts
writing list of installed files to '/home/lucas/taurasim_ws/src/taurasim/build/taurasim/install.log'
