[0.882s] Invoking command in '/home/lucas/taurasim_ws/src/taurasim': PYTHONPATH=/home/lucas/taurasim_ws/src/taurasim/build/taurasim/prefix_override:/usr/lib/python3/dist-packages/colcon_core/task/python/colcon_distutils_commands:/home/lucas/taurasim_ws/src/taurasim/install/taurasim/lib/python3.8/site-packages:${PYTHONPATH} /usr/bin/python3 -W ignore:setup.py install is deprecated setup.py egg_info --egg-base build/taurasim build --build-base /home/lucas/taurasim_ws/src/taurasim/build/taurasim/build install --record /home/lucas/taurasim_ws/src/taurasim/build/taurasim/install.log --single-version-externally-managed install_data
[1.164s] running egg_info
[1.165s] writing build/taurasim/taurasim.egg-info/PKG-INFO
[1.165s] writing dependency_links to build/taurasim/taurasim.egg-info/dependency_links.txt
[1.165s] writing requirements to build/taurasim/taurasim.egg-info/requires.txt
[1.166s] writing top-level names to build/taurasim/taurasim.egg-info/top_level.txt
[1.205s] package init file 'taurasim/scripts/__init__.py' not found (or not a regular file)
[1.205s] package init file 'taurasim/__init__.py' not found (or not a regular file)
[1.205s] reading manifest file 'build/taurasim/taurasim.egg-info/SOURCES.txt'
[1.206s] writing manifest file 'build/taurasim/taurasim.egg-info/SOURCES.txt'
[1.207s] running build
[1.207s] running build_py
[1.207s] creating /home/lucas/taurasim_ws/src/taurasim/build/taurasim/build
[1.207s] creating /home/lucas/taurasim_ws/src/taurasim/build/taurasim/build/lib
[1.208s] creating /home/lucas/taurasim_ws/src/taurasim/build/taurasim/build/lib/taurasim
[1.208s] creating /home/lucas/taurasim_ws/src/taurasim/build/taurasim/build/lib/taurasim/scripts
[1.208s] copying taurasim/scripts/vision_proxy.py -> /home/lucas/taurasim_ws/src/taurasim/build/taurasim/build/lib/taurasim/scripts
[1.208s] running install
[1.208s] running install_lib
[1.209s] creating /home/lucas/taurasim_ws/src/taurasim/install/taurasim/lib/python3.8/site-packages/taurasim
[1.209s] creating /home/lucas/taurasim_ws/src/taurasim/install/taurasim/lib/python3.8/site-packages/taurasim/scripts
[1.210s] copying /home/lucas/taurasim_ws/src/taurasim/build/taurasim/build/lib/taurasim/scripts/vision_proxy.py -> /home/lucas/taurasim_ws/src/taurasim/install/taurasim/lib/python3.8/site-packages/taurasim/scripts
[1.210s] byte-compiling /home/lucas/taurasim_ws/src/taurasim/install/taurasim/lib/python3.8/site-packages/taurasim/scripts/vision_proxy.py to vision_proxy.cpython-38.pyc
[1.212s] running install_data
[1.212s] copying config/ros_control_config.yml -> /home/lucas/taurasim_ws/src/taurasim/install/taurasim/share/taurasim
[1.213s] copying config/motor_diff_drive.yml -> /home/lucas/taurasim_ws/src/taurasim/install/taurasim/share/taurasim
[1.213s] copying config/motor_direct_drive.yml -> /home/lucas/taurasim_ws/src/taurasim/install/taurasim/share/taurasim
[1.213s] running install_egg_info
[1.215s] Copying build/taurasim/taurasim.egg-info to /home/lucas/taurasim_ws/src/taurasim/install/taurasim/lib/python3.8/site-packages/taurasim-0.0.1-py3.8.egg-info
[1.216s] running install_scripts
[1.237s] writing list of installed files to '/home/lucas/taurasim_ws/src/taurasim/build/taurasim/install.log'
[1.272s] Invoked command in '/home/lucas/taurasim_ws/src/taurasim' returned '0': PYTHONPATH=/home/lucas/taurasim_ws/src/taurasim/build/taurasim/prefix_override:/usr/lib/python3/dist-packages/colcon_core/task/python/colcon_distutils_commands:/home/lucas/taurasim_ws/src/taurasim/install/taurasim/lib/python3.8/site-packages:${PYTHONPATH} /usr/bin/python3 -W ignore:setup.py install is deprecated setup.py egg_info --egg-base build/taurasim build --build-base /home/lucas/taurasim_ws/src/taurasim/build/taurasim/build install --record /home/lucas/taurasim_ws/src/taurasim/build/taurasim/install.log --single-version-externally-managed install_data
