[0.959s] Invoking command in '/home/lucas/taura/taurasim_ws/src/taurasim': PYTHONPATH=/home/lucas/taura/taurasim_ws/src/taurasim/build/taurasim/prefix_override:/usr/lib/python3/dist-packages/colcon_core/task/python/colcon_distutils_commands:/home/lucas/taura/taurasim_ws/src/taurasim/install/taurasim/lib/python3.10/site-packages:${PYTHONPATH} /usr/bin/python3 -W ignore:setup.py install is deprecated -W ignore:easy_install command is deprecated setup.py egg_info --egg-base build/taurasim build --build-base /home/lucas/taura/taurasim_ws/src/taurasim/build/taurasim/build install --record /home/lucas/taura/taurasim_ws/src/taurasim/build/taurasim/install.log --install-scripts $base/lib/taurasim --single-version-externally-managed install_data
[1.276s] /usr/lib/python3/dist-packages/setuptools/dist.py:723: UserWarning: Usage of dash-separated 'script-dir' will not be supported in future versions. Please use the underscore name 'script_dir' instead
[1.276s]   warnings.warn(
[1.288s] running egg_info
[1.289s] creating build/taurasim/taurasim.egg-info
[1.289s] writing build/taurasim/taurasim.egg-info/PKG-INFO
[1.289s] writing dependency_links to build/taurasim/taurasim.egg-info/dependency_links.txt
[1.290s] writing entry points to build/taurasim/taurasim.egg-info/entry_points.txt
[1.290s] writing requirements to build/taurasim/taurasim.egg-info/requires.txt
[1.290s] writing top-level names to build/taurasim/taurasim.egg-info/top_level.txt
[1.290s] writing manifest file 'build/taurasim/taurasim.egg-info/SOURCES.txt'
[1.293s] reading manifest file 'build/taurasim/taurasim.egg-info/SOURCES.txt'
[1.294s] writing manifest file 'build/taurasim/taurasim.egg-info/SOURCES.txt'
[1.294s] running build
[1.295s] running build_py
[1.295s] creating /home/lucas/taura/taurasim_ws/src/taurasim/build/taurasim/build
[1.295s] creating /home/lucas/taura/taurasim_ws/src/taurasim/build/taurasim/build/lib
[1.296s] creating /home/lucas/taura/taurasim_ws/src/taurasim/build/taurasim/build/lib/taurasim
[1.296s] copying taurasim/__init__.py -> /home/lucas/taura/taurasim_ws/src/taurasim/build/taurasim/build/lib/taurasim
[1.296s] creating /home/lucas/taura/taurasim_ws/src/taurasim/build/taurasim/build/lib/taurasim/scripts
[1.297s] copying taurasim/scripts/keyboard_node.py -> /home/lucas/taura/taurasim_ws/src/taurasim/build/taurasim/build/lib/taurasim/scripts
[1.297s] copying taurasim/scripts/vision_proxy.py -> /home/lucas/taura/taurasim_ws/src/taurasim/build/taurasim/build/lib/taurasim/scripts
[1.297s] copying taurasim/scripts/controller_node.py -> /home/lucas/taura/taurasim_ws/src/taurasim/build/taurasim/build/lib/taurasim/scripts
[1.297s] copying taurasim/scripts/spawn_robots.py -> /home/lucas/taura/taurasim_ws/src/taurasim/build/taurasim/build/lib/taurasim/scripts
[1.298s] copying taurasim/scripts/__init__.py -> /home/lucas/taura/taurasim_ws/src/taurasim/build/taurasim/build/lib/taurasim/scripts
[1.298s] running install
[1.298s] running install_lib
[1.299s] creating /home/lucas/taura/taurasim_ws/src/taurasim/install/taurasim/lib/python3.10/site-packages/taurasim
[1.299s] copying /home/lucas/taura/taurasim_ws/src/taurasim/build/taurasim/build/lib/taurasim/__init__.py -> /home/lucas/taura/taurasim_ws/src/taurasim/install/taurasim/lib/python3.10/site-packages/taurasim
[1.300s] creating /home/lucas/taura/taurasim_ws/src/taurasim/install/taurasim/lib/python3.10/site-packages/taurasim/scripts
[1.300s] copying /home/lucas/taura/taurasim_ws/src/taurasim/build/taurasim/build/lib/taurasim/scripts/keyboard_node.py -> /home/lucas/taura/taurasim_ws/src/taurasim/install/taurasim/lib/python3.10/site-packages/taurasim/scripts
[1.300s] copying /home/lucas/taura/taurasim_ws/src/taurasim/build/taurasim/build/lib/taurasim/scripts/vision_proxy.py -> /home/lucas/taura/taurasim_ws/src/taurasim/install/taurasim/lib/python3.10/site-packages/taurasim/scripts
[1.301s] copying /home/lucas/taura/taurasim_ws/src/taurasim/build/taurasim/build/lib/taurasim/scripts/controller_node.py -> /home/lucas/taura/taurasim_ws/src/taurasim/install/taurasim/lib/python3.10/site-packages/taurasim/scripts
[1.301s] copying /home/lucas/taura/taurasim_ws/src/taurasim/build/taurasim/build/lib/taurasim/scripts/spawn_robots.py -> /home/lucas/taura/taurasim_ws/src/taurasim/install/taurasim/lib/python3.10/site-packages/taurasim/scripts
[1.301s] copying /home/lucas/taura/taurasim_ws/src/taurasim/build/taurasim/build/lib/taurasim/scripts/__init__.py -> /home/lucas/taura/taurasim_ws/src/taurasim/install/taurasim/lib/python3.10/site-packages/taurasim/scripts
[1.301s] byte-compiling /home/lucas/taura/taurasim_ws/src/taurasim/install/taurasim/lib/python3.10/site-packages/taurasim/__init__.py to __init__.cpython-310.pyc
[1.302s] byte-compiling /home/lucas/taura/taurasim_ws/src/taurasim/install/taurasim/lib/python3.10/site-packages/taurasim/scripts/keyboard_node.py to keyboard_node.cpython-310.pyc
[1.303s] byte-compiling /home/lucas/taura/taurasim_ws/src/taurasim/install/taurasim/lib/python3.10/site-packages/taurasim/scripts/vision_proxy.py to vision_proxy.cpython-310.pyc
[1.304s] byte-compiling /home/lucas/taura/taurasim_ws/src/taurasim/install/taurasim/lib/python3.10/site-packages/taurasim/scripts/controller_node.py to controller_node.cpython-310.pyc
[1.304s] byte-compiling /home/lucas/taura/taurasim_ws/src/taurasim/install/taurasim/lib/python3.10/site-packages/taurasim/scripts/spawn_robots.py to spawn_robots.cpython-310.pyc
[1.305s] byte-compiling /home/lucas/taura/taurasim_ws/src/taurasim/install/taurasim/lib/python3.10/site-packages/taurasim/scripts/__init__.py to __init__.cpython-310.pyc
[1.305s] running install_data
[1.306s] copying package.xml -> /home/lucas/taura/taurasim_ws/src/taurasim/install/taurasim/share/taurasim
[1.306s] copying launch/simulation_robot.launch.py -> /home/lucas/taura/taurasim_ws/src/taurasim/install/taurasim/share/taurasim/launch/
[1.306s] copying launch/simulation_team.launch.py -> /home/lucas/taura/taurasim_ws/src/taurasim/install/taurasim/share/taurasim/launch/
[1.306s] copying launch/spawn_robot.launch.py -> /home/lucas/taura/taurasim_ws/src/taurasim/install/taurasim/share/taurasim/launch/
[1.307s] copying launch/simulation_1x1.launch.py -> /home/lucas/taura/taurasim_ws/src/taurasim/install/taurasim/share/taurasim/launch/
[1.307s] copying launch/simulation_match.launch.py -> /home/lucas/taura/taurasim_ws/src/taurasim/install/taurasim/share/taurasim/launch/
[1.326s] copying urdf/generic_vss_robot.xacro -> /home/lucas/taura/taurasim_ws/src/taurasim/install/taurasim/share/taurasim/urdf/
[1.344s] creating /home/lucas/taura/taurasim_ws/src/taurasim/install/taurasim/share/taurasim/sounds
[1.344s] copying sounds/pop.wav -> /home/lucas/taura/taurasim_ws/src/taurasim/install/taurasim/share/taurasim/sounds/
[1.345s] creating /home/lucas/taura/taurasim_ws/src/taurasim/install/taurasim/share/taurasim/models/vss_field/materials/textures
[1.345s] copying taurasim/scripts/keyboard_node.py -> /home/lucas/taura/taurasim_ws/src/taurasim/install/taurasim/share/taurasim/taurasim/scripts
[1.346s] copying taurasim/scripts/controller_node.py -> /home/lucas/taura/taurasim_ws/src/taurasim/install/taurasim/share/taurasim/taurasim/scripts
[1.346s] copying taurasim/scripts/spawn_robots.py -> /home/lucas/taura/taurasim_ws/src/taurasim/install/taurasim/share/taurasim/taurasim/scripts
[1.347s] running install_egg_info
[1.352s] Copying build/taurasim/taurasim.egg-info to /home/lucas/taura/taurasim_ws/src/taurasim/install/taurasim/lib/python3.10/site-packages/taurasim-0.1.0-py3.10.egg-info
[1.353s] running install_scripts
[1.378s] Installing keyboard_node script to /home/lucas/taura/taurasim_ws/src/taurasim/install/taurasim/lib/taurasim
[1.378s] Installing spawn_robots script to /home/lucas/taura/taurasim_ws/src/taurasim/install/taurasim/lib/taurasim
[1.378s] Installing vision_proxy script to /home/lucas/taura/taurasim_ws/src/taurasim/install/taurasim/lib/taurasim
[1.379s] writing list of installed files to '/home/lucas/taura/taurasim_ws/src/taurasim/build/taurasim/install.log'
[1.418s] Invoked command in '/home/lucas/taura/taurasim_ws/src/taurasim' returned '0': PYTHONPATH=/home/lucas/taura/taurasim_ws/src/taurasim/build/taurasim/prefix_override:/usr/lib/python3/dist-packages/colcon_core/task/python/colcon_distutils_commands:/home/lucas/taura/taurasim_ws/src/taurasim/install/taurasim/lib/python3.10/site-packages:${PYTHONPATH} /usr/bin/python3 -W ignore:setup.py install is deprecated -W ignore:easy_install command is deprecated setup.py egg_info --egg-base build/taurasim build --build-base /home/lucas/taura/taurasim_ws/src/taurasim/build/taurasim/build install --record /home/lucas/taura/taurasim_ws/src/taurasim/build/taurasim/install.log --install-scripts $base/lib/taurasim --single-version-externally-managed install_data
