running egg_info
writing build/taurasim/taurasim.egg-info/PKG-INFO
writing dependency_links to build/taurasim/taurasim.egg-info/dependency_links.txt
writing requirements to build/taurasim/taurasim.egg-info/requires.txt
writing top-level names to build/taurasim/taurasim.egg-info/top_level.txt
reading manifest file 'build/taurasim/taurasim.egg-info/SOURCES.txt'
writing manifest file 'build/taurasim/taurasim.egg-info/SOURCES.txt'
running build
running build_py
running install
running install_lib
running install_data
copying urdf/generic_vss_robot.gazebo -> /home/lucas/taurasim_ws/src/taurasim/install/taurasim/share/taurasim
copying urdf/motor.xacro -> /home/lucas/taurasim_ws/src/taurasim/install/taurasim/share/taurasim
copying urdf/generic_vss_robot.xacro -> /home/lucas/taurasim_ws/src/taurasim/install/taurasim/share/taurasim
copying urdf/generic_vss_robot.urdf -> /home/lucas/taurasim_ws/src/taurasim/install/taurasim/share/taurasim
copying urdf/generic_vss_robot.color -> /home/lucas/taurasim_ws/src/taurasim/install/taurasim/share/taurasim
copying meshes/base_link_col.stl -> /home/lucas/taurasim_ws/src/taurasim/install/taurasim/share/taurasim
copying meshes/roda_esq_link.stl -> /home/lucas/taurasim_ws/src/taurasim/install/taurasim/share/taurasim
copying meshes/parede_dir_link.stl -> /home/lucas/taurasim_ws/src/taurasim/install/taurasim/share/taurasim
copying meshes/base_link.stl -> /home/lucas/taurasim_ws/src/taurasim/install/taurasim/share/taurasim
copying meshes/chapeu_link.stl -> /home/lucas/taurasim_ws/src/taurasim/install/taurasim/share/taurasim
copying meshes/parede_esq_link.stl -> /home/lucas/taurasim_ws/src/taurasim/install/taurasim/share/taurasim
copying meshes/roda_dir_link.stl -> /home/lucas/taurasim_ws/src/taurasim/install/taurasim/share/taurasim
error: can't copy 'media/materials': doesn't exist or not a regular file
