running egg_info
creating build/taurasim/taurasim.egg-info
writing build/taurasim/taurasim.egg-info/PKG-INFO
writing dependency_links to build/taurasim/taurasim.egg-info/dependency_links.txt
writing entry points to build/taurasim/taurasim.egg-info/entry_points.txt
writing requirements to build/taurasim/taurasim.egg-info/requires.txt
writing top-level names to build/taurasim/taurasim.egg-info/top_level.txt
writing manifest file 'build/taurasim/taurasim.egg-info/SOURCES.txt'
reading manifest file 'build/taurasim/taurasim.egg-info/SOURCES.txt'
writing manifest file 'build/taurasim/taurasim.egg-info/SOURCES.txt'
running build
running build_py
creating /home/lucas/taurasim_ws/src/taurasim/build/taurasim/build
creating /home/lucas/taurasim_ws/src/taurasim/build/taurasim/build/lib
creating /home/lucas/taurasim_ws/src/taurasim/build/taurasim/build/lib/taurasim
copying taurasim/__init__.py -> /home/lucas/taurasim_ws/src/taurasim/build/taurasim/build/lib/taurasim
creating /home/lucas/taurasim_ws/src/taurasim/build/taurasim/build/lib/taurasim/scripts
copying taurasim/scripts/vision_proxy.py -> /home/lucas/taurasim_ws/src/taurasim/build/taurasim/build/lib/taurasim/scripts
copying taurasim/scripts/__init__.py -> /home/lucas/taurasim_ws/src/taurasim/build/taurasim/build/lib/taurasim/scripts
running install
running install_lib
copying /home/lucas/taurasim_ws/src/taurasim/build/taurasim/build/lib/taurasim/scripts/__init__.py -> /home/lucas/taurasim_ws/src/taurasim/install/taurasim/lib/python3.8/site-packages/taurasim/scripts
byte-compiling /home/lucas/taurasim_ws/src/taurasim/install/taurasim/lib/python3.8/site-packages/taurasim/scripts/__init__.py to __init__.cpython-38.pyc
running install_data
copying package.xml -> /home/lucas/taurasim_ws/src/taurasim/install/taurasim/share/taurasim
creating /home/lucas/taurasim_ws/src/taurasim/install/taurasim/share/taurasim/launch
copying launch/gazebo.launch.py -> /home/lucas/taurasim_ws/src/taurasim/install/taurasim/share/taurasim/launch/
copying launch/spawn_robot.launch.py -> /home/lucas/taurasim_ws/src/taurasim/install/taurasim/share/taurasim/launch/
copying launch/test.launch.py -> /home/lucas/taurasim_ws/src/taurasim/install/taurasim/share/taurasim/launch/
copying launch/simulation_robot.launch.py -> /home/lucas/taurasim_ws/src/taurasim/install/taurasim/share/taurasim/launch/
copying urdf/generic_vss_robot.gazebo -> /home/lucas/taurasim_ws/src/taurasim/install/taurasim/share/taurasim/urdf/
copying urdf/motor.xacro -> /home/lucas/taurasim_ws/src/taurasim/install/taurasim/share/taurasim/urdf/
creating /home/lucas/taurasim_ws/src/taurasim/install/taurasim/share/taurasim/worlds
copying worlds/vss_field.world -> /home/lucas/taurasim_ws/src/taurasim/install/taurasim/share/taurasim/worlds/
copying worlds/vss_field_camera.world -> /home/lucas/taurasim_ws/src/taurasim/install/taurasim/share/taurasim/worlds/
copying worlds/vss_field_5.world -> /home/lucas/taurasim_ws/src/taurasim/install/taurasim/share/taurasim/worlds/
copying config/ros_control_config.yml -> /home/lucas/taurasim_ws/src/taurasim/install/taurasim/share/taurasim/config/
creating /home/lucas/taurasim_ws/src/taurasim/install/taurasim/share/taurasim/media/materials
creating /home/lucas/taurasim_ws/src/taurasim/install/taurasim/share/taurasim/media/materials/scripts
copying media/materials/scripts/team_blue.material -> /home/lucas/taurasim_ws/src/taurasim/install/taurasim/share/taurasim/media/materials/scripts
copying media/materials/scripts/team_yellow.material -> /home/lucas/taurasim_ws/src/taurasim/install/taurasim/share/taurasim/media/materials/scripts
creating /home/lucas/taurasim_ws/src/taurasim/install/taurasim/share/taurasim/media/materials/textures
copying media/materials/textures/yellow_2.png -> /home/lucas/taurasim_ws/src/taurasim/install/taurasim/share/taurasim/media/materials/textures
copying media/materials/textures/yellow_3.png -> /home/lucas/taurasim_ws/src/taurasim/install/taurasim/share/taurasim/media/materials/textures
copying media/materials/textures/blue_2.png -> /home/lucas/taurasim_ws/src/taurasim/install/taurasim/share/taurasim/media/materials/textures
copying media/materials/textures/yellow_side.png -> /home/lucas/taurasim_ws/src/taurasim/install/taurasim/share/taurasim/media/materials/textures
copying media/materials/textures/blue_1.png -> /home/lucas/taurasim_ws/src/taurasim/install/taurasim/share/taurasim/media/materials/textures
copying media/materials/textures/yellow_4.png -> /home/lucas/taurasim_ws/src/taurasim/install/taurasim/share/taurasim/media/materials/textures
copying media/materials/textures/blue_3.png -> /home/lucas/taurasim_ws/src/taurasim/install/taurasim/share/taurasim/media/materials/textures
copying media/materials/textures/yellow_1.png -> /home/lucas/taurasim_ws/src/taurasim/install/taurasim/share/taurasim/media/materials/textures
copying media/materials/textures/yellow_0.png -> /home/lucas/taurasim_ws/src/taurasim/install/taurasim/share/taurasim/media/materials/textures
copying media/materials/textures/blue_side.png -> /home/lucas/taurasim_ws/src/taurasim/install/taurasim/share/taurasim/media/materials/textures
copying media/materials/textures/blue_0.png -> /home/lucas/taurasim_ws/src/taurasim/install/taurasim/share/taurasim/media/materials/textures
copying media/materials/textures/blue_4.png -> /home/lucas/taurasim_ws/src/taurasim/install/taurasim/share/taurasim/media/materials/textures
creating /home/lucas/taurasim_ws/src/taurasim/install/taurasim/share/taurasim/models/vss_ball
copying models/vss_ball/model.config -> /home/lucas/taurasim_ws/src/taurasim/install/taurasim/share/taurasim/models/vss_ball
copying models/vss_ball/model.sdf -> /home/lucas/taurasim_ws/src/taurasim/install/taurasim/share/taurasim/models/vss_ball
creating /home/lucas/taurasim_ws/src/taurasim/install/taurasim/share/taurasim/models/vss_field
copying models/vss_field/model.config -> /home/lucas/taurasim_ws/src/taurasim/install/taurasim/share/taurasim/models/vss_field
copying models/vss_field/model.sdf -> /home/lucas/taurasim_ws/src/taurasim/install/taurasim/share/taurasim/models/vss_field
creating /home/lucas/taurasim_ws/src/taurasim/install/taurasim/share/taurasim/models/vss_field/materials
creating /home/lucas/taurasim_ws/src/taurasim/install/taurasim/share/taurasim/models/vss_field/materials/scripts
copying models/vss_field/materials/scripts/vss_field.material -> /home/lucas/taurasim_ws/src/taurasim/install/taurasim/share/taurasim/models/vss_field/materials/scripts
creating /home/lucas/taurasim_ws/src/taurasim/install/taurasim/share/taurasim/models/vss_field/materials/textures
creating /home/lucas/taurasim_ws/src/taurasim/install/taurasim/share/taurasim/models/vss_field/meshes
copying models/vss_field/meshes/laterais_link.stl -> /home/lucas/taurasim_ws/src/taurasim/install/taurasim/share/taurasim/models/vss_field/meshes
copying models/vss_field/meshes/base_link.stl -> /home/lucas/taurasim_ws/src/taurasim/install/taurasim/share/taurasim/models/vss_field/meshes
copying models/vss_field/meshes/marcas_campo.stl -> /home/lucas/taurasim_ws/src/taurasim/install/taurasim/share/taurasim/models/vss_field/meshes
creating /home/lucas/taurasim_ws/src/taurasim/install/taurasim/share/taurasim/models/vss_field_5
copying models/vss_field_5/model.config -> /home/lucas/taurasim_ws/src/taurasim/install/taurasim/share/taurasim/models/vss_field_5
copying models/vss_field_5/model.sdf -> /home/lucas/taurasim_ws/src/taurasim/install/taurasim/share/taurasim/models/vss_field_5
creating /home/lucas/taurasim_ws/src/taurasim/install/taurasim/share/taurasim/models/vss_field_5/meshes
copying models/vss_field_5/meshes/laterais_link.stl -> /home/lucas/taurasim_ws/src/taurasim/install/taurasim/share/taurasim/models/vss_field_5/meshes
copying models/vss_field_5/meshes/base_link.stl -> /home/lucas/taurasim_ws/src/taurasim/install/taurasim/share/taurasim/models/vss_field_5/meshes
copying models/vss_field_5/meshes/marcas_campo.stl -> /home/lucas/taurasim_ws/src/taurasim/install/taurasim/share/taurasim/models/vss_field_5/meshes
creating /home/lucas/taurasim_ws/src/taurasim/install/taurasim/share/taurasim/models/vss_camera
copying models/vss_camera/model.config -> /home/lucas/taurasim_ws/src/taurasim/install/taurasim/share/taurasim/models/vss_camera
copying models/vss_camera/model.sdf -> /home/lucas/taurasim_ws/src/taurasim/install/taurasim/share/taurasim/models/vss_camera
creating /home/lucas/taurasim_ws/src/taurasim/install/taurasim/share/taurasim/taurasim
creating /home/lucas/taurasim_ws/src/taurasim/install/taurasim/share/taurasim/taurasim/scripts
copying taurasim/scripts/vision_proxy.py -> /home/lucas/taurasim_ws/src/taurasim/install/taurasim/share/taurasim/taurasim/scripts
copying taurasim/scripts/__init__.py -> /home/lucas/taurasim_ws/src/taurasim/install/taurasim/share/taurasim/taurasim/scripts
running install_egg_info
Copying build/taurasim/taurasim.egg-info to /home/lucas/taurasim_ws/src/taurasim/install/taurasim/lib/python3.8/site-packages/taurasim-0.1.0-py3.8.egg-info
running install_scripts
Installing vision_proxy script to /home/lucas/taurasim_ws/src/taurasim/install/taurasim/lib/taurasim
writing list of installed files to '/home/lucas/taurasim_ws/src/taurasim/build/taurasim/install.log'
