[0.859s] Invoking command in '/home/lucas/taurasim_ws/src/taurasim': PYTHONPATH=/home/lucas/taurasim_ws/src/taurasim/build/taurasim/prefix_override:/usr/lib/python3/dist-packages/colcon_core/task/python/colcon_distutils_commands:/home/lucas/taurasim_ws/src/taurasim/install/taurasim/lib/python3.8/site-packages:${PYTHONPATH} /usr/bin/python3 -W ignore:setup.py install is deprecated -W ignore:easy_install command is deprecated setup.py egg_info --egg-base build/taurasim build --build-base /home/lucas/taurasim_ws/src/taurasim/build/taurasim/build install --record /home/lucas/taurasim_ws/src/taurasim/build/taurasim/install.log --install-scripts $base/lib/taurasim --single-version-externally-managed install_data
[1.168s] running egg_info
[1.168s] creating build/taurasim/taurasim.egg-info
[1.169s] writing build/taurasim/taurasim.egg-info/PKG-INFO
[1.169s] writing dependency_links to build/taurasim/taurasim.egg-info/dependency_links.txt
[1.169s] writing entry points to build/taurasim/taurasim.egg-info/entry_points.txt
[1.169s] writing requirements to build/taurasim/taurasim.egg-info/requires.txt
[1.169s] writing top-level names to build/taurasim/taurasim.egg-info/top_level.txt
[1.171s] writing manifest file 'build/taurasim/taurasim.egg-info/SOURCES.txt'
[1.211s] reading manifest file 'build/taurasim/taurasim.egg-info/SOURCES.txt'
[1.213s] writing manifest file 'build/taurasim/taurasim.egg-info/SOURCES.txt'
[1.213s] running build
[1.213s] running build_py
[1.213s] creating /home/lucas/taurasim_ws/src/taurasim/build/taurasim/build
[1.213s] creating /home/lucas/taurasim_ws/src/taurasim/build/taurasim/build/lib
[1.213s] creating /home/lucas/taurasim_ws/src/taurasim/build/taurasim/build/lib/taurasim
[1.213s] copying taurasim/__init__.py -> /home/lucas/taurasim_ws/src/taurasim/build/taurasim/build/lib/taurasim
[1.214s] creating /home/lucas/taurasim_ws/src/taurasim/build/taurasim/build/lib/taurasim/scripts
[1.214s] copying taurasim/scripts/vision_proxy.py -> /home/lucas/taurasim_ws/src/taurasim/build/taurasim/build/lib/taurasim/scripts
[1.214s] copying taurasim/scripts/__init__.py -> /home/lucas/taurasim_ws/src/taurasim/build/taurasim/build/lib/taurasim/scripts
[1.214s] running install
[1.215s] running install_lib
[1.217s] copying /home/lucas/taurasim_ws/src/taurasim/build/taurasim/build/lib/taurasim/scripts/__init__.py -> /home/lucas/taurasim_ws/src/taurasim/install/taurasim/lib/python3.8/site-packages/taurasim/scripts
[1.217s] byte-compiling /home/lucas/taurasim_ws/src/taurasim/install/taurasim/lib/python3.8/site-packages/taurasim/scripts/__init__.py to __init__.cpython-38.pyc
[1.219s] running install_data
[1.219s] copying package.xml -> /home/lucas/taurasim_ws/src/taurasim/install/taurasim/share/taurasim
[1.219s] creating /home/lucas/taurasim_ws/src/taurasim/install/taurasim/share/taurasim/launch
[1.219s] copying launch/gazebo.launch.py -> /home/lucas/taurasim_ws/src/taurasim/install/taurasim/share/taurasim/launch/
[1.219s] copying launch/spawn_robot.launch.py -> /home/lucas/taurasim_ws/src/taurasim/install/taurasim/share/taurasim/launch/
[1.220s] copying launch/test.launch.py -> /home/lucas/taurasim_ws/src/taurasim/install/taurasim/share/taurasim/launch/
[1.220s] copying launch/simulation_robot.launch.py -> /home/lucas/taurasim_ws/src/taurasim/install/taurasim/share/taurasim/launch/
[1.220s] copying urdf/generic_vss_robot.gazebo -> /home/lucas/taurasim_ws/src/taurasim/install/taurasim/share/taurasim/urdf/
[1.221s] copying urdf/motor.xacro -> /home/lucas/taurasim_ws/src/taurasim/install/taurasim/share/taurasim/urdf/
[1.221s] creating /home/lucas/taurasim_ws/src/taurasim/install/taurasim/share/taurasim/worlds
[1.221s] copying worlds/vss_field.world -> /home/lucas/taurasim_ws/src/taurasim/install/taurasim/share/taurasim/worlds/
[1.222s] copying worlds/vss_field_camera.world -> /home/lucas/taurasim_ws/src/taurasim/install/taurasim/share/taurasim/worlds/
[1.222s] copying worlds/vss_field_5.world -> /home/lucas/taurasim_ws/src/taurasim/install/taurasim/share/taurasim/worlds/
[1.222s] copying config/ros_control_config.yml -> /home/lucas/taurasim_ws/src/taurasim/install/taurasim/share/taurasim/config/
[1.223s] creating /home/lucas/taurasim_ws/src/taurasim/install/taurasim/share/taurasim/media/materials
[1.223s] creating /home/lucas/taurasim_ws/src/taurasim/install/taurasim/share/taurasim/media/materials/scripts
[1.224s] copying media/materials/scripts/team_blue.material -> /home/lucas/taurasim_ws/src/taurasim/install/taurasim/share/taurasim/media/materials/scripts
[1.224s] copying media/materials/scripts/team_yellow.material -> /home/lucas/taurasim_ws/src/taurasim/install/taurasim/share/taurasim/media/materials/scripts
[1.224s] creating /home/lucas/taurasim_ws/src/taurasim/install/taurasim/share/taurasim/media/materials/textures
[1.225s] copying media/materials/textures/yellow_2.png -> /home/lucas/taurasim_ws/src/taurasim/install/taurasim/share/taurasim/media/materials/textures
[1.225s] copying media/materials/textures/yellow_3.png -> /home/lucas/taurasim_ws/src/taurasim/install/taurasim/share/taurasim/media/materials/textures
[1.226s] copying media/materials/textures/blue_2.png -> /home/lucas/taurasim_ws/src/taurasim/install/taurasim/share/taurasim/media/materials/textures
[1.226s] copying media/materials/textures/yellow_side.png -> /home/lucas/taurasim_ws/src/taurasim/install/taurasim/share/taurasim/media/materials/textures
[1.226s] copying media/materials/textures/blue_1.png -> /home/lucas/taurasim_ws/src/taurasim/install/taurasim/share/taurasim/media/materials/textures
[1.226s] copying media/materials/textures/yellow_4.png -> /home/lucas/taurasim_ws/src/taurasim/install/taurasim/share/taurasim/media/materials/textures
[1.226s] copying media/materials/textures/blue_3.png -> /home/lucas/taurasim_ws/src/taurasim/install/taurasim/share/taurasim/media/materials/textures
[1.226s] copying media/materials/textures/yellow_1.png -> /home/lucas/taurasim_ws/src/taurasim/install/taurasim/share/taurasim/media/materials/textures
[1.226s] copying media/materials/textures/yellow_0.png -> /home/lucas/taurasim_ws/src/taurasim/install/taurasim/share/taurasim/media/materials/textures
[1.227s] copying media/materials/textures/blue_side.png -> /home/lucas/taurasim_ws/src/taurasim/install/taurasim/share/taurasim/media/materials/textures
[1.227s] copying media/materials/textures/blue_0.png -> /home/lucas/taurasim_ws/src/taurasim/install/taurasim/share/taurasim/media/materials/textures
[1.227s] copying media/materials/textures/blue_4.png -> /home/lucas/taurasim_ws/src/taurasim/install/taurasim/share/taurasim/media/materials/textures
[1.227s] creating /home/lucas/taurasim_ws/src/taurasim/install/taurasim/share/taurasim/models/vss_ball
[1.227s] copying models/vss_ball/model.config -> /home/lucas/taurasim_ws/src/taurasim/install/taurasim/share/taurasim/models/vss_ball
[1.227s] copying models/vss_ball/model.sdf -> /home/lucas/taurasim_ws/src/taurasim/install/taurasim/share/taurasim/models/vss_ball
[1.227s] creating /home/lucas/taurasim_ws/src/taurasim/install/taurasim/share/taurasim/models/vss_field
[1.227s] copying models/vss_field/model.config -> /home/lucas/taurasim_ws/src/taurasim/install/taurasim/share/taurasim/models/vss_field
[1.228s] copying models/vss_field/model.sdf -> /home/lucas/taurasim_ws/src/taurasim/install/taurasim/share/taurasim/models/vss_field
[1.228s] creating /home/lucas/taurasim_ws/src/taurasim/install/taurasim/share/taurasim/models/vss_field/materials
[1.228s] creating /home/lucas/taurasim_ws/src/taurasim/install/taurasim/share/taurasim/models/vss_field/materials/scripts
[1.228s] copying models/vss_field/materials/scripts/vss_field.material -> /home/lucas/taurasim_ws/src/taurasim/install/taurasim/share/taurasim/models/vss_field/materials/scripts
[1.228s] creating /home/lucas/taurasim_ws/src/taurasim/install/taurasim/share/taurasim/models/vss_field/materials/textures
[1.229s] creating /home/lucas/taurasim_ws/src/taurasim/install/taurasim/share/taurasim/models/vss_field/meshes
[1.229s] copying models/vss_field/meshes/laterais_link.stl -> /home/lucas/taurasim_ws/src/taurasim/install/taurasim/share/taurasim/models/vss_field/meshes
[1.229s] copying models/vss_field/meshes/base_link.stl -> /home/lucas/taurasim_ws/src/taurasim/install/taurasim/share/taurasim/models/vss_field/meshes
[1.229s] copying models/vss_field/meshes/marcas_campo.stl -> /home/lucas/taurasim_ws/src/taurasim/install/taurasim/share/taurasim/models/vss_field/meshes
[1.229s] creating /home/lucas/taurasim_ws/src/taurasim/install/taurasim/share/taurasim/models/vss_field_5
[1.229s] copying models/vss_field_5/model.config -> /home/lucas/taurasim_ws/src/taurasim/install/taurasim/share/taurasim/models/vss_field_5
[1.229s] copying models/vss_field_5/model.sdf -> /home/lucas/taurasim_ws/src/taurasim/install/taurasim/share/taurasim/models/vss_field_5
[1.229s] creating /home/lucas/taurasim_ws/src/taurasim/install/taurasim/share/taurasim/models/vss_field_5/meshes
[1.230s] copying models/vss_field_5/meshes/laterais_link.stl -> /home/lucas/taurasim_ws/src/taurasim/install/taurasim/share/taurasim/models/vss_field_5/meshes
[1.230s] copying models/vss_field_5/meshes/base_link.stl -> /home/lucas/taurasim_ws/src/taurasim/install/taurasim/share/taurasim/models/vss_field_5/meshes
[1.230s] copying models/vss_field_5/meshes/marcas_campo.stl -> /home/lucas/taurasim_ws/src/taurasim/install/taurasim/share/taurasim/models/vss_field_5/meshes
[1.230s] creating /home/lucas/taurasim_ws/src/taurasim/install/taurasim/share/taurasim/models/vss_camera
[1.230s] copying models/vss_camera/model.config -> /home/lucas/taurasim_ws/src/taurasim/install/taurasim/share/taurasim/models/vss_camera
[1.230s] copying models/vss_camera/model.sdf -> /home/lucas/taurasim_ws/src/taurasim/install/taurasim/share/taurasim/models/vss_camera
[1.230s] creating /home/lucas/taurasim_ws/src/taurasim/install/taurasim/share/taurasim/taurasim
[1.230s] creating /home/lucas/taurasim_ws/src/taurasim/install/taurasim/share/taurasim/taurasim/scripts
[1.231s] copying taurasim/scripts/vision_proxy.py -> /home/lucas/taurasim_ws/src/taurasim/install/taurasim/share/taurasim/taurasim/scripts
[1.231s] copying taurasim/scripts/__init__.py -> /home/lucas/taurasim_ws/src/taurasim/install/taurasim/share/taurasim/taurasim/scripts
[1.231s] running install_egg_info
[1.231s] Copying build/taurasim/taurasim.egg-info to /home/lucas/taurasim_ws/src/taurasim/install/taurasim/lib/python3.8/site-packages/taurasim-0.1.0-py3.8.egg-info
[1.231s] running install_scripts
[1.254s] Installing vision_proxy script to /home/lucas/taurasim_ws/src/taurasim/install/taurasim/lib/taurasim
[1.254s] writing list of installed files to '/home/lucas/taurasim_ws/src/taurasim/build/taurasim/install.log'
[1.291s] Invoked command in '/home/lucas/taurasim_ws/src/taurasim' returned '0': PYTHONPATH=/home/lucas/taurasim_ws/src/taurasim/build/taurasim/prefix_override:/usr/lib/python3/dist-packages/colcon_core/task/python/colcon_distutils_commands:/home/lucas/taurasim_ws/src/taurasim/install/taurasim/lib/python3.8/site-packages:${PYTHONPATH} /usr/bin/python3 -W ignore:setup.py install is deprecated -W ignore:easy_install command is deprecated setup.py egg_info --egg-base build/taurasim build --build-base /home/lucas/taurasim_ws/src/taurasim/build/taurasim/build install --record /home/lucas/taurasim_ws/src/taurasim/build/taurasim/install.log --install-scripts $base/lib/taurasim --single-version-externally-managed install_data
