[0.882s] Invoking command in '/home/lucas/taurasim_ws/src/taurasim': PYTHONPATH=/home/lucas/taurasim_ws/src/taurasim/build/taurasim/prefix_override:/usr/lib/python3/dist-packages/colcon_core/task/python/colcon_distutils_commands:/home/lucas/taurasim_ws/src/taurasim/install/taurasim/lib/python3.8/site-packages:${PYTHONPATH} /usr/bin/python3 -W ignore:setup.py install is deprecated -W ignore:easy_install command is deprecated setup.py egg_info --egg-base build/taurasim build --build-base /home/lucas/taurasim_ws/src/taurasim/build/taurasim/build install --record /home/lucas/taurasim_ws/src/taurasim/build/taurasim/install.log --install-scripts $base/lib/taurasim --single-version-externally-managed install_data
[1.166s] running egg_info
[1.167s] writing build/taurasim/taurasim.egg-info/PKG-INFO
[1.167s] writing dependency_links to build/taurasim/taurasim.egg-info/dependency_links.txt
[1.168s] writing entry points to build/taurasim/taurasim.egg-info/entry_points.txt
[1.168s] writing requirements to build/taurasim/taurasim.egg-info/requires.txt
[1.168s] writing top-level names to build/taurasim/taurasim.egg-info/top_level.txt
[1.206s] reading manifest file 'build/taurasim/taurasim.egg-info/SOURCES.txt'
[1.208s] writing manifest file 'build/taurasim/taurasim.egg-info/SOURCES.txt'
[1.208s] running build
[1.208s] running build_py
[1.209s] running install
[1.209s] running install_lib
[1.212s] running install_data
[1.214s] running install_egg_info
[1.216s] removing '/home/lucas/taurasim_ws/src/taurasim/install/taurasim/lib/python3.8/site-packages/taurasim-0.1.0-py3.8.egg-info' (and everything under it)
[1.217s] Copying build/taurasim/taurasim.egg-info to /home/lucas/taurasim_ws/src/taurasim/install/taurasim/lib/python3.8/site-packages/taurasim-0.1.0-py3.8.egg-info
[1.218s] running install_scripts
[1.238s] Installing vision_proxy script to /home/lucas/taurasim_ws/src/taurasim/install/taurasim/lib/taurasim
[1.238s] writing list of installed files to '/home/lucas/taurasim_ws/src/taurasim/build/taurasim/install.log'
[1.272s] Invoked command in '/home/lucas/taurasim_ws/src/taurasim' returned '0': PYTHONPATH=/home/lucas/taurasim_ws/src/taurasim/build/taurasim/prefix_override:/usr/lib/python3/dist-packages/colcon_core/task/python/colcon_distutils_commands:/home/lucas/taurasim_ws/src/taurasim/install/taurasim/lib/python3.8/site-packages:${PYTHONPATH} /usr/bin/python3 -W ignore:setup.py install is deprecated -W ignore:easy_install command is deprecated setup.py egg_info --egg-base build/taurasim build --build-base /home/lucas/taurasim_ws/src/taurasim/build/taurasim/build install --record /home/lucas/taurasim_ws/src/taurasim/build/taurasim/install.log --install-scripts $base/lib/taurasim --single-version-externally-managed install_data
