/home/lucas/taurasim_ws/src/taurasim/install/taurasim/lib/python3.8/site-packages/taurasim/scripts/__init__.py
/home/lucas/taurasim_ws/src/taurasim/install/taurasim/lib/python3.8/site-packages/taurasim/scripts/vision_proxy.py
/home/lucas/taurasim_ws/src/taurasim/install/taurasim/lib/python3.8/site-packages/taurasim/__init__.py
/home/lucas/taurasim_ws/src/taurasim/install/taurasim/lib/python3.8/site-packages/taurasim/scripts/__pycache__/__init__.cpython-38.pyc
/home/lucas/taurasim_ws/src/taurasim/install/taurasim/lib/python3.8/site-packages/taurasim/scripts/__pycache__/vision_proxy.cpython-38.pyc
/home/lucas/taurasim_ws/src/taurasim/install/taurasim/lib/python3.8/site-packages/taurasim/__pycache__/__init__.cpython-38.pyc
/home/lucas/taurasim_ws/src/taurasim/install/taurasim/share/taurasim/config
/home/lucas/taurasim_ws/src/taurasim/install/taurasim/share/taurasim/urdf
/home/lucas/taurasim_ws/src/taurasim/install/taurasim/share/taurasim/meshes
/home/lucas/taurasim_ws/src/taurasim/install/taurasim/share/taurasim/media/yellow_2.png
/home/lucas/taurasim_ws/src/taurasim/install/taurasim/share/taurasim/media/yellow_3.png
/home/lucas/taurasim_ws/src/taurasim/install/taurasim/share/taurasim/media/blue_2.png
/home/lucas/taurasim_ws/src/taurasim/install/taurasim/share/taurasim/media/yellow_side.png
/home/lucas/taurasim_ws/src/taurasim/install/taurasim/share/taurasim/media/blue_1.png
/home/lucas/taurasim_ws/src/taurasim/install/taurasim/share/taurasim/media/yellow_4.png
/home/lucas/taurasim_ws/src/taurasim/install/taurasim/share/taurasim/media/blue_3.png
/home/lucas/taurasim_ws/src/taurasim/install/taurasim/share/taurasim/media/yellow_1.png
/home/lucas/taurasim_ws/src/taurasim/install/taurasim/share/taurasim/media/yellow_0.png
/home/lucas/taurasim_ws/src/taurasim/install/taurasim/share/taurasim/media/blue_side.png
/home/lucas/taurasim_ws/src/taurasim/install/taurasim/share/taurasim/media/blue_0.png
/home/lucas/taurasim_ws/src/taurasim/install/taurasim/share/taurasim/media/blue_4.png
/home/lucas/taurasim_ws/src/taurasim/install/taurasim/share/taurasim/media/team_blue.material
/home/lucas/taurasim_ws/src/taurasim/install/taurasim/share/taurasim/media/team_yellow.material
/home/lucas/taurasim_ws/src/taurasim/install/taurasim/share/taurasim/sounds
/home/lucas/taurasim_ws/src/taurasim/install/taurasim/share/taurasim/models/bitmap.png
/home/lucas/taurasim_ws/src/taurasim/install/taurasim/share/taurasim/models/vss_field.material
/home/lucas/taurasim_ws/src/taurasim/install/taurasim/share/taurasim/worlds
/home/lucas/taurasim_ws/src/taurasim/install/taurasim/share/taurasim/launch
/home/lucas/taurasim_ws/src/taurasim/install/taurasim/share/taurasim/scripts
/home/lucas/taurasim_ws/src/taurasim/install/taurasim/lib/python3.8/site-packages/taurasim-0.0.1-py3.8.egg-info/SOURCES.txt
/home/lucas/taurasim_ws/src/taurasim/install/taurasim/lib/python3.8/site-packages/taurasim-0.0.1-py3.8.egg-info/requires.txt
/home/lucas/taurasim_ws/src/taurasim/install/taurasim/lib/python3.8/site-packages/taurasim-0.0.1-py3.8.egg-info/zip-safe
/home/lucas/taurasim_ws/src/taurasim/install/taurasim/lib/python3.8/site-packages/taurasim-0.0.1-py3.8.egg-info/top_level.txt
/home/lucas/taurasim_ws/src/taurasim/install/taurasim/lib/python3.8/site-packages/taurasim-0.0.1-py3.8.egg-info/PKG-INFO
/home/lucas/taurasim_ws/src/taurasim/install/taurasim/lib/python3.8/site-packages/taurasim-0.0.1-py3.8.egg-info/dependency_links.txt
