running egg_info
writing build/taurasim/taurasim.egg-info/PKG-INFO
writing dependency_links to build/taurasim/taurasim.egg-info/dependency_links.txt
writing requirements to build/taurasim/taurasim.egg-info/requires.txt
writing top-level names to build/taurasim/taurasim.egg-info/top_level.txt
reading manifest file 'build/taurasim/taurasim.egg-info/SOURCES.txt'
writing manifest file 'build/taurasim/taurasim.egg-info/SOURCES.txt'
running build
running build_py
running install
running install_lib
running install_data
copying media/materials/textures/yellow_2.png -> /home/lucas/taurasim_ws/src/taurasim/install/taurasim/share/taurasim/media
copying media/materials/textures/yellow_3.png -> /home/lucas/taurasim_ws/src/taurasim/install/taurasim/share/taurasim/media
copying media/materials/textures/blue_2.png -> /home/lucas/taurasim_ws/src/taurasim/install/taurasim/share/taurasim/media
copying media/materials/textures/yellow_side.png -> /home/lucas/taurasim_ws/src/taurasim/install/taurasim/share/taurasim/media
copying media/materials/textures/blue_1.png -> /home/lucas/taurasim_ws/src/taurasim/install/taurasim/share/taurasim/media
copying media/materials/textures/yellow_4.png -> /home/lucas/taurasim_ws/src/taurasim/install/taurasim/share/taurasim/media
copying media/materials/textures/blue_3.png -> /home/lucas/taurasim_ws/src/taurasim/install/taurasim/share/taurasim/media
copying media/materials/textures/yellow_1.png -> /home/lucas/taurasim_ws/src/taurasim/install/taurasim/share/taurasim/media
copying media/materials/textures/yellow_0.png -> /home/lucas/taurasim_ws/src/taurasim/install/taurasim/share/taurasim/media
copying media/materials/textures/blue_side.png -> /home/lucas/taurasim_ws/src/taurasim/install/taurasim/share/taurasim/media
copying media/materials/textures/blue_0.png -> /home/lucas/taurasim_ws/src/taurasim/install/taurasim/share/taurasim/media
copying media/materials/textures/blue_4.png -> /home/lucas/taurasim_ws/src/taurasim/install/taurasim/share/taurasim/media
copying media/materials/scripts/team_blue.material -> /home/lucas/taurasim_ws/src/taurasim/install/taurasim/share/taurasim/media
copying media/materials/scripts/team_yellow.material -> /home/lucas/taurasim_ws/src/taurasim/install/taurasim/share/taurasim/media
creating /home/lucas/taurasim_ws/src/taurasim/install/taurasim/share/taurasim/sounds
creating /home/lucas/taurasim_ws/src/taurasim/install/taurasim/share/taurasim/models
copying models/vss_field_5/model.sdf -> /home/lucas/taurasim_ws/src/taurasim/install/taurasim/share/taurasim/models
error: can't copy 'models/vss_field_5/meshes': doesn't exist or not a regular file
