[0.903s] Invoking command in '/home/lucas/taurasim_ws/src/taurasim': PYTHONPATH=/home/lucas/taurasim_ws/src/taurasim/build/taurasim/prefix_override:/usr/lib/python3/dist-packages/colcon_core/task/python/colcon_distutils_commands:/home/lucas/taurasim_ws/src/taurasim/install/taurasim/lib/python3.8/site-packages:${PYTHONPATH} /usr/bin/python3 -W ignore:setup.py install is deprecated setup.py egg_info --egg-base build/taurasim build --build-base /home/lucas/taurasim_ws/src/taurasim/build/taurasim/build install --record /home/lucas/taurasim_ws/src/taurasim/build/taurasim/install.log --single-version-externally-managed install_data
[1.167s] running egg_info
[1.168s] writing build/taurasim/taurasim.egg-info/PKG-INFO
[1.168s] writing dependency_links to build/taurasim/taurasim.egg-info/dependency_links.txt
[1.168s] writing requirements to build/taurasim/taurasim.egg-info/requires.txt
[1.168s] writing top-level names to build/taurasim/taurasim.egg-info/top_level.txt
[1.205s] reading manifest file 'build/taurasim/taurasim.egg-info/SOURCES.txt'
[1.206s] writing manifest file 'build/taurasim/taurasim.egg-info/SOURCES.txt'
[1.206s] running build
[1.206s] running build_py
[1.207s] running install
[1.208s] running install_lib
[1.210s] running install_data
[1.210s] copying media/materials/textures/yellow_2.png -> /home/lucas/taurasim_ws/src/taurasim/install/taurasim/share/taurasim/media
[1.210s] copying media/materials/textures/yellow_3.png -> /home/lucas/taurasim_ws/src/taurasim/install/taurasim/share/taurasim/media
[1.210s] copying media/materials/textures/blue_2.png -> /home/lucas/taurasim_ws/src/taurasim/install/taurasim/share/taurasim/media
[1.210s] copying media/materials/textures/yellow_side.png -> /home/lucas/taurasim_ws/src/taurasim/install/taurasim/share/taurasim/media
[1.210s] copying media/materials/textures/blue_1.png -> /home/lucas/taurasim_ws/src/taurasim/install/taurasim/share/taurasim/media
[1.211s] copying media/materials/textures/yellow_4.png -> /home/lucas/taurasim_ws/src/taurasim/install/taurasim/share/taurasim/media
[1.211s] copying media/materials/textures/blue_3.png -> /home/lucas/taurasim_ws/src/taurasim/install/taurasim/share/taurasim/media
[1.211s] copying media/materials/textures/yellow_1.png -> /home/lucas/taurasim_ws/src/taurasim/install/taurasim/share/taurasim/media
[1.211s] copying media/materials/textures/yellow_0.png -> /home/lucas/taurasim_ws/src/taurasim/install/taurasim/share/taurasim/media
[1.211s] copying media/materials/textures/blue_side.png -> /home/lucas/taurasim_ws/src/taurasim/install/taurasim/share/taurasim/media
[1.211s] copying media/materials/textures/blue_0.png -> /home/lucas/taurasim_ws/src/taurasim/install/taurasim/share/taurasim/media
[1.212s] copying media/materials/textures/blue_4.png -> /home/lucas/taurasim_ws/src/taurasim/install/taurasim/share/taurasim/media
[1.212s] copying media/materials/scripts/team_blue.material -> /home/lucas/taurasim_ws/src/taurasim/install/taurasim/share/taurasim/media
[1.212s] copying media/materials/scripts/team_yellow.material -> /home/lucas/taurasim_ws/src/taurasim/install/taurasim/share/taurasim/media
[1.212s] creating /home/lucas/taurasim_ws/src/taurasim/install/taurasim/share/taurasim/sounds
[1.212s] creating /home/lucas/taurasim_ws/src/taurasim/install/taurasim/share/taurasim/models
[1.213s] copying models/vss_field_5/model.sdf -> /home/lucas/taurasim_ws/src/taurasim/install/taurasim/share/taurasim/models
[1.213s] error: can't copy 'models/vss_field_5/meshes': doesn't exist or not a regular file
[1.239s] Invoked command in '/home/lucas/taurasim_ws/src/taurasim' returned '1': PYTHONPATH=/home/lucas/taurasim_ws/src/taurasim/build/taurasim/prefix_override:/usr/lib/python3/dist-packages/colcon_core/task/python/colcon_distutils_commands:/home/lucas/taurasim_ws/src/taurasim/install/taurasim/lib/python3.8/site-packages:${PYTHONPATH} /usr/bin/python3 -W ignore:setup.py install is deprecated setup.py egg_info --egg-base build/taurasim build --build-base /home/lucas/taurasim_ws/src/taurasim/build/taurasim/build install --record /home/lucas/taurasim_ws/src/taurasim/build/taurasim/install.log --single-version-externally-managed install_data
