[0.907s] Invoking command in '/home/lucas/taurasim_ws/src/taurasim': PYTHONPATH=/home/lucas/taurasim_ws/src/taurasim/build/taurasim/prefix_override:/usr/lib/python3/dist-packages/colcon_core/task/python/colcon_distutils_commands:/home/lucas/taurasim_ws/src/taurasim/install/taurasim/lib/python3.8/site-packages:${PYTHONPATH} /usr/bin/python3 -W ignore:setup.py install is deprecated setup.py egg_info --egg-base build/taurasim build --build-base /home/lucas/taurasim_ws/src/taurasim/build/taurasim/build install --record /home/lucas/taurasim_ws/src/taurasim/build/taurasim/install.log --single-version-externally-managed install_data
[1.206s] running egg_info
[1.207s] writing build/taurasim/taurasim.egg-info/PKG-INFO
[1.207s] writing dependency_links to build/taurasim/taurasim.egg-info/dependency_links.txt
[1.207s] writing requirements to build/taurasim/taurasim.egg-info/requires.txt
[1.208s] writing top-level names to build/taurasim/taurasim.egg-info/top_level.txt
[1.246s] reading manifest file 'build/taurasim/taurasim.egg-info/SOURCES.txt'
[1.247s] writing manifest file 'build/taurasim/taurasim.egg-info/SOURCES.txt'
[1.247s] running build
[1.247s] running build_py
[1.248s] running install
[1.249s] running install_lib
[1.251s] running install_data
[1.251s] copying models/vss_field/materials/textures/bitmap.png -> /home/lucas/taurasim_ws/src/taurasim/install/taurasim/share/taurasim/models
[1.252s] copying models/vss_field/materials/scripts/vss_field.material -> /home/lucas/taurasim_ws/src/taurasim/install/taurasim/share/taurasim/models
[1.252s] creating /home/lucas/taurasim_ws/src/taurasim/install/taurasim/share/taurasim/worlds
[1.252s] creating /home/lucas/taurasim_ws/src/taurasim/install/taurasim/share/taurasim/launch
[1.253s] creating /home/lucas/taurasim_ws/src/taurasim/install/taurasim/share/taurasim/scripts
[1.253s] running install_egg_info
[1.255s] removing '/home/lucas/taurasim_ws/src/taurasim/install/taurasim/lib/python3.8/site-packages/taurasim-0.0.1-py3.8.egg-info' (and everything under it)
[1.255s] Copying build/taurasim/taurasim.egg-info to /home/lucas/taurasim_ws/src/taurasim/install/taurasim/lib/python3.8/site-packages/taurasim-0.0.1-py3.8.egg-info
[1.257s] running install_scripts
[1.276s] writing list of installed files to '/home/lucas/taurasim_ws/src/taurasim/build/taurasim/install.log'
[1.307s] Invoked command in '/home/lucas/taurasim_ws/src/taurasim' returned '0': PYTHONPATH=/home/lucas/taurasim_ws/src/taurasim/build/taurasim/prefix_override:/usr/lib/python3/dist-packages/colcon_core/task/python/colcon_distutils_commands:/home/lucas/taurasim_ws/src/taurasim/install/taurasim/lib/python3.8/site-packages:${PYTHONPATH} /usr/bin/python3 -W ignore:setup.py install is deprecated setup.py egg_info --egg-base build/taurasim build --build-base /home/lucas/taurasim_ws/src/taurasim/build/taurasim/build install --record /home/lucas/taurasim_ws/src/taurasim/build/taurasim/install.log --single-version-externally-managed install_data
