running egg_info
writing build/taurasim/taurasim.egg-info/PKG-INFO
writing dependency_links to build/taurasim/taurasim.egg-info/dependency_links.txt
writing entry points to build/taurasim/taurasim.egg-info/entry_points.txt
writing requirements to build/taurasim/taurasim.egg-info/requires.txt
writing top-level names to build/taurasim/taurasim.egg-info/top_level.txt
reading manifest file 'build/taurasim/taurasim.egg-info/SOURCES.txt'
writing manifest file 'build/taurasim/taurasim.egg-info/SOURCES.txt'
running build
running build_py
copying taurasim/scripts/keyboard_node.py -> /home/lucas/taura/taurasim_ws/src/taurasim/build/taurasim/build/lib/taurasim/scripts
running install
running install_lib
copying /home/lucas/taura/taurasim_ws/src/taurasim/build/taurasim/build/lib/taurasim/scripts/keyboard_node.py -> /home/lucas/taura/taurasim_ws/src/taurasim/install/taurasim/lib/python3.10/site-packages/taurasim/scripts
byte-compiling /home/lucas/taura/taurasim_ws/src/taurasim/install/taurasim/lib/python3.10/site-packages/taurasim/scripts/keyboard_node.py to keyboard_node.cpython-310.pyc
running install_data
copying taurasim/scripts/keyboard_node.py -> /home/lucas/taura/taurasim_ws/src/taurasim/install/taurasim/share/taurasim/taurasim/scripts
running install_egg_info
removing '/home/lucas/taura/taurasim_ws/src/taurasim/install/taurasim/lib/python3.10/site-packages/taurasim-0.1.0-py3.10.egg-info' (and everything under it)
Copying build/taurasim/taurasim.egg-info to /home/lucas/taura/taurasim_ws/src/taurasim/install/taurasim/lib/python3.10/site-packages/taurasim-0.1.0-py3.10.egg-info
running install_scripts
Installing keyboard_node script to /home/lucas/taura/taurasim_ws/src/taurasim/install/taurasim/lib/taurasim
Installing spawn_robots script to /home/lucas/taura/taurasim_ws/src/taurasim/install/taurasim/lib/taurasim
Installing vision_proxy script to /home/lucas/taura/taurasim_ws/src/taurasim/install/taurasim/lib/taurasim
writing list of installed files to '/home/lucas/taura/taurasim_ws/src/taurasim/build/taurasim/install.log'
